feedPET/build/outputs/logs/manifest-merger-debug-report.txt
-- Merging decision tree log ---
manifest
ADDED from src\main\AndroidManifest.xml:2:1-44:12
	package
		ADDED from src\main\AndroidManifest.xml:3:5-26
		INJECTED from src\main\AndroidManifest.xml
		INJECTED from src\main\AndroidManifest.xml
	android:versionName
		ADDED from src\main\AndroidManifest.xml:5:5-30
		INJECTED from src\main\AndroidManifest.xml
		INJECTED from src\main\AndroidManifest.xml
	android:versionCode
		ADDED from src\main\AndroidManifest.xml:4:5-28
		INJECTED from src\main\AndroidManifest.xml
		INJECTED from src\main\AndroidManifest.xml
	xmlns:android
		ADDED from src\main\AndroidManifest.xml:2:11-69
uses-sdk
ADDED from src\main\AndroidManifest.xml:7:5-9:41
MERGED from [com.android.support:support-v4:22.2.0] AndroidManifest.xml:20:5-43
MERGED from [com.google.android.gms:play-services-appindexing:8.1.0] AndroidManifest.xml:18:5-42
MERGED from [com.google.android.gms:play-services-basement:8.1.0] AndroidManifest.xml:18:5-42
MERGED from [com.android.support:support-v4:22.2.0] AndroidManifest.xml:20:5-43
	android:targetSdkVersion
		ADDED from src\main\AndroidManifest.xml:9:9-38
		INJECTED from src\main\AndroidManifest.xml
		INJECTED from src\main\AndroidManifest.xml
	android:minSdkVersion
		ADDED from src\main\AndroidManifest.xml:8:9-34
		INJECTED from src\main\AndroidManifest.xml
		INJECTED from src\main\AndroidManifest.xml
uses-permission#android.permission.INTERNET
ADDED from src\main\AndroidManifest.xml:10:2-64
	android:name
		ADDED from src\main\AndroidManifest.xml:10:19-61
uses-permission#android.permission.ACCESS_NETWORK_STATE
ADDED from src\main\AndroidManifest.xml:11:2-76
	android:name
		ADDED from src\main\AndroidManifest.xml:11:19-73
uses-permission#android.permission.WRITE_EXTERNAL_STORAGE
ADDED from src\main\AndroidManifest.xml:12:2-78
	android:name
		ADDED from src\main\AndroidManifest.xml:12:19-75
uses-permission#android.permission.ACCESS_WIFI_STATE
ADDED from src\main\AndroidManifest.xml:13:2-73
	android:name
		ADDED from src\main\AndroidManifest.xml:13:19-70
application
ADDED from src\main\AndroidManifest.xml:15:4-42:18
MERGED from [com.android.support:support-v4:22.2.0] AndroidManifest.xml:22:5-20
MERGED from [com.google.android.gms:play-services-appindexing:8.1.0] AndroidManifest.xml:19:5-20
MERGED from [com.google.android.gms:play-services-basement:8.1.0] AndroidManifest.xml:20:5-24:19
MERGED from [com.android.support:support-v4:22.2.0] AndroidManifest.xml:22:5-20
	android:label
		ADDED from src\main\AndroidManifest.xml:18:9-41
	android:allowBackup
		ADDED from src\main\AndroidManifest.xml:16:9-35
	android:icon
		ADDED from src\main\AndroidManifest.xml:17:9-42
activity#com.feedpet.ShowNotice
ADDED from src\main\AndroidManifest.xml:19:9-56
	android:name
		ADDED from src\main\AndroidManifest.xml:19:19-44
activity#com.feedpet.eventoDaBusca
ADDED from src\main\AndroidManifest.xml:20:9-59
	android:name
		ADDED from src\main\AndroidManifest.xml:20:19-47
activity#com.feedpet.Noticias
ADDED from src\main\AndroidManifest.xml:21:9-54
	android:name
		ADDED from src\main\AndroidManifest.xml:21:19-42
activity#com.feedpet.HomeSobre
ADDED from src\main\AndroidManifest.xml:22:9-55
	android:name
		ADDED from src\main\AndroidManifest.xml:22:19-43
activity#com.feedpet.NoticiasGeral
ADDED from src\main\AndroidManifest.xml:23:9-59
	android:name
		ADDED from src\main\AndroidManifest.xml:23:19-47
activity#com.feedpet.RSSContentActivity
ADDED from src\main\AndroidManifest.xml:24:9-64
	android:name
		ADDED from src\main\AndroidManifest.xml:24:19-52
activity#com.feedpet.MainActivity
ADDED from src\main\AndroidManifest.xml:26:9-34:20
	android:label
		ADDED from src\main\AndroidManifest.xml:28:13-45
	android:name
		ADDED from src\main\AndroidManifest.xml:27:13-52
intent-filter#android.intent.action.MAIN+android.intent.category.LAUNCHER
ADDED from src\main\AndroidManifest.xml:29:13-33:29
action#android.intent.action.MAIN
ADDED from src\main\AndroidManifest.xml:30:17-69
	android:name
		ADDED from src\main\AndroidManifest.xml:30:25-66
category#android.intent.category.LAUNCHER
ADDED from src\main\AndroidManifest.xml:32:17-77
	android:name
		ADDED from src\main\AndroidManifest.xml:32:27-74
meta-data#com.google.android.gms.version
ADDED from src\main\AndroidManifest.xml:39:8-41:68
MERGED from [com.google.android.gms:play-services-basement:8.1.0] AndroidManifest.xml:21:9-23:69
	android:value
		ADDED from src\main\AndroidManifest.xml:41:12-65
	android:name
		ADDED from src\main\AndroidManifest.xml:40:12-57